11:55:37 **** Incremental Build of configuration Debug for project TP1 ****
make all 
Building file: ../src/TP1.c
Invoking: GCC C Compiler
gcc -O0 -g3 -Wall -c -fmessage-length=0 -MMD -MP -MF"src/TP1.d" -MT"src/TP1.o" -o "src/TP1.o" "../src/TP1.c"
Finished building: ../src/TP1.c
 
Building target: TP1
Invoking: GCC C Linker
gcc  -o "TP1" ./src/TP1.o ./src/utn.o   
Finished building target: TP1
 
11:55:44 **** Incremental Build of configuration Debug for project TP1 ****
make all 
make: No se hace nada para 'all'.
12:27:24 **** Incremental Build of configuration Debug for project TP1 ****
make all 
Building file: ../src/TP1.c
Invoking: GCC C Compiler
gcc -O0 -g3 -Wall -c -fmessage-length=0 -MMD -MP -MF"src/TP1.d" -MT"src/TP1.o" -o "src/TP1.o" "../src/TP1.c"
Finished building: ../src/TP1.c
 
Building file: ../src/utn.c
Invoking: GCC C Compiler
gcc -O0 -g3 -Wall -c -fmessage-length=0 -MMD -MP -MF"src/utn.d" -MT"src/utn.o" -o "src/utn.o" "../src/utn.c"
../src/utn.c: In function ‘utn_getnumero’:
../src/utn.c:22:11: warning: format ‘%d’ expects argument of type ‘int *’, but argument 2 has type ‘int **’ [-Wformat=]
   22 |   scanf("%d",&numero);
      |          ~^  ~~~~~~~
      |           |  |
      |           |  int **
      |           int *
Finished building: ../src/utn.c
 
Building target: TP1
Invoking: GCC C Linker
gcc  -o "TP1" ./src/TP1.o ./src/utn.o   
Finished building target: TP1
 
12:30:24 **** Incremental Build of configuration Debug for project TP1 ****
make all 
Building file: ../src/utn.c
Invoking: GCC C Compiler
gcc -O0 -g3 -Wall -c -fmessage-length=0 -MMD -MP -MF"src/utn.d" -MT"src/utn.o" -o "src/utn.o" "../src/utn.c"
Finished building: ../src/utn.c
 
Building target: TP1
Invoking: GCC C Linker
gcc  -o "TP1" ./src/TP1.o ./src/utn.o   
Finished building target: TP1
 
12:30:27 **** Incremental Build of configuration Debug for project TP1 ****
make all 
make: No se hace nada para 'all'.
12:30:47 **** Incremental Build of configuration Debug for project TP1 ****
make all 
Building file: ../src/TP1.c
Invoking: GCC C Compiler
gcc -O0 -g3 -Wall -c -fmessage-length=0 -MMD -MP -MF"src/TP1.d" -MT"src/TP1.o" -o "src/TP1.o" "../src/TP1.c"
Finished building: ../src/TP1.c
 
Building target: TP1
Invoking: GCC C Linker
gcc  -o "TP1" ./src/TP1.o ./src/utn.o   
Finished building target: TP1
 
12:31:18 **** Incremental Build of configuration Debug for project TP1 ****
make all 
Building file: ../src/TP1.c
Invoking: GCC C Compiler
gcc -O0 -g3 -Wall -c -fmessage-length=0 -MMD -MP -MF"src/TP1.d" -MT"src/TP1.o" -o "src/TP1.o" "../src/TP1.c"
Finished building: ../src/TP1.c
 
Building target: TP1
Invoking: GCC C Linker
gcc  -o "TP1" ./src/TP1.o ./src/utn.o   
Finished building target: TP1
 
12:33:37 **** Incremental Build of configuration Debug for project TP1 ****
make all 
Building file: ../src/TP1.c
Invoking: GCC C Compiler
gcc -O0 -g3 -Wall -c -fmessage-length=0 -MMD -MP -MF"src/TP1.d" -MT"src/TP1.o" -o "src/TP1.o" "../src/TP1.c"
Finished building: ../src/TP1.c
 
Building target: TP1
Invoking: GCC C Linker
gcc  -o "TP1" ./src/TP1.o ./src/utn.o   
Finished building target: TP1
 
12:33:38 **** Incremental Build of configuration Debug for project TP1 ****
make all 
make: No se hace nada para 'all'.
12:33:51 **** Incremental Build of configuration Debug for project TP1 ****
make all 
make: No se hace nada para 'all'.
12:33:54 **** Incremental Build of configuration Debug for project TP1 ****
make all 
make: No se hace nada para 'all'.
12:34:15 **** Incremental Build of configuration Debug for project TP1 ****
make all 
make: No se hace nada para 'all'.
12:40:05 **** Incremental Build of configuration Debug for project TP1 ****
make all 
Building file: ../src/TP1.c
Invoking: GCC C Compiler
gcc -O0 -g3 -Wall -c -fmessage-length=0 -MMD -MP -MF"src/TP1.d" -MT"src/TP1.o" -o "src/TP1.o" "../src/TP1.c"
Finished building: ../src/TP1.c
 
Building file: ../src/utn.c
Invoking: GCC C Compiler
gcc -O0 -g3 -Wall -c -fmessage-length=0 -MMD -MP -MF"src/utn.d" -MT"src/utn.o" -o "src/utn.o" "../src/utn.c"
../src/utn.c: In function ‘utn_getnumero’:
../src/utn.c:24:18: warning: comparison between pointer and integer
   24 |   if(bufferNumero!=" "){
      |                  ^~
../src/utn.c:24:18: warning: comparison with string literal results in unspecified behavior [-Waddress]
Finished building: ../src/utn.c
 
Building target: TP1
Invoking: GCC C Linker
gcc  -o "TP1" ./src/TP1.o ./src/utn.o   
Finished building target: TP1
 
12:40:59 **** Incremental Build of configuration Debug for project TP1 ****
make all 
Building file: ../src/utn.c
Invoking: GCC C Compiler
gcc -O0 -g3 -Wall -c -fmessage-length=0 -MMD -MP -MF"src/utn.d" -MT"src/utn.o" -o "src/utn.o" "../src/utn.c"
../src/utn.c: In function ‘utn_getnumero’:
../src/utn.c:24:18: warning: comparison between pointer and integer
   24 |   if(bufferNumero!=" "){
      |                  ^~
../src/utn.c:24:18: warning: comparison with string literal results in unspecified behavior [-Waddress]
Finished building: ../src/utn.c
 
Building target: TP1
Invoking: GCC C Linker
gcc  -o "TP1" ./src/TP1.o ./src/utn.o   
Finished building target: TP1
 
12:41:21 **** Incremental Build of configuration Debug for project TP1 ****
make all 
make: No se hace nada para 'all'.
12:41:25 **** Incremental Build of configuration Debug for project TP1 ****
make all 
make: No se hace nada para 'all'.
12:42:20 **** Incremental Build of configuration Debug for project TP1 ****
make all 
Building file: ../src/utn.c
Invoking: GCC C Compiler
gcc -O0 -g3 -Wall -c -fmessage-length=0 -MMD -MP -MF"src/utn.d" -MT"src/utn.o" -o "src/utn.o" "../src/utn.c"
../src/utn.c: In function ‘utn_getnumero’:
../src/utn.c:24:18: warning: comparison between pointer and integer
   24 |   if(bufferNumero==" "){
      |                  ^~
../src/utn.c:24:18: warning: comparison with string literal results in unspecified behavior [-Waddress]
Finished building: ../src/utn.c
 
Building target: TP1
Invoking: GCC C Linker
gcc  -o "TP1" ./src/TP1.o ./src/utn.o   
Finished building target: TP1
 
12:42:44 **** Incremental Build of configuration Debug for project TP1 ****
make all 
Building file: ../src/utn.c
Invoking: GCC C Compiler
gcc -O0 -g3 -Wall -c -fmessage-length=0 -MMD -MP -MF"src/utn.d" -MT"src/utn.o" -o "src/utn.o" "../src/utn.c"
../src/utn.c: In function ‘utn_getnumero’:
../src/utn.c:24:18: warning: comparison between pointer and integer
   24 |   if(bufferNumero==""){
      |                  ^~
../src/utn.c:24:18: warning: comparison with string literal results in unspecified behavior [-Waddress]
Finished building: ../src/utn.c
 
Building target: TP1
Invoking: GCC C Linker
gcc  -o "TP1" ./src/TP1.o ./src/utn.o   
Finished building target: TP1
 
12:43:04 **** Incremental Build of configuration Debug for project TP1 ****
make all 
Building file: ../src/utn.c
Invoking: GCC C Compiler
gcc -O0 -g3 -Wall -c -fmessage-length=0 -MMD -MP -MF"src/utn.d" -MT"src/utn.o" -o "src/utn.o" "../src/utn.c"
../src/utn.c: In function ‘utn_getnumero’:
../src/utn.c:24:18: warning: comparison between pointer and integer
   24 |   if(bufferNumero==" "){
      |                  ^~
../src/utn.c:24:18: warning: comparison with string literal results in unspecified behavior [-Waddress]
Finished building: ../src/utn.c
 
Building target: TP1
Invoking: GCC C Linker
gcc  -o "TP1" ./src/TP1.o ./src/utn.o   
Finished building target: TP1
 
12:43:17 **** Incremental Build of configuration Debug for project TP1 ****
make all 
make: No se hace nada para 'all'.
12:48:13 **** Incremental Build of configuration Debug for project TP1 ****
make all 
Building file: ../src/TP1.c
Invoking: GCC C Compiler
gcc -O0 -g3 -Wall -c -fmessage-length=0 -MMD -MP -MF"src/TP1.d" -MT"src/TP1.o" -o "src/TP1.o" "../src/TP1.c"
Finished building: ../src/TP1.c
 
Building file: ../src/utn.c
Invoking: GCC C Compiler
gcc -O0 -g3 -Wall -c -fmessage-length=0 -MMD -MP -MF"src/utn.d" -MT"src/utn.o" -o "src/utn.o" "../src/utn.c"
Finished building: ../src/utn.c
 
Building target: TP1
Invoking: GCC C Linker
gcc  -o "TP1" ./src/TP1.o ./src/utn.o   
Finished building target: TP1
 
12:50:22 **** Incremental Build of configuration Debug for project TP1 ****
make all 
Building file: ../src/TP1.c
Invoking: GCC C Compiler
gcc -O0 -g3 -Wall -c -fmessage-length=0 -MMD -MP -MF"src/TP1.d" -MT"src/TP1.o" -o "src/TP1.o" "../src/TP1.c"
Finished building: ../src/TP1.c
 
Building target: TP1
Invoking: GCC C Linker
gcc  -o "TP1" ./src/TP1.o ./src/utn.o   
Finished building target: TP1
 
12:59:00 **** Incremental Build of configuration Debug for project TP1 ****
make all 
Building file: ../src/TP1.c
Invoking: GCC C Compiler
gcc -O0 -g3 -Wall -c -fmessage-length=0 -MMD -MP -MF"src/TP1.d" -MT"src/TP1.o" -o "src/TP1.o" "../src/TP1.c"
Finished building: ../src/TP1.c
 
Building file: ../src/utn.c
Invoking: GCC C Compiler
gcc -O0 -g3 -Wall -c -fmessage-length=0 -MMD -MP -MF"src/utn.d" -MT"src/utn.o" -o "src/utn.o" "../src/utn.c"
Finished building: ../src/utn.c
 
Building target: TP1
Invoking: GCC C Linker
gcc  -o "TP1" ./src/TP1.o ./src/utn.o   
Finished building target: TP1
 
12:59:03 **** Incremental Build of configuration Debug for project TP1 ****
make all 
make: No se hace nada para 'all'.
13:12:57 **** Incremental Build of configuration Debug for project TP1 ****
make all 
Building file: ../src/TP1.c
Invoking: GCC C Compiler
gcc -O0 -g3 -Wall -c -fmessage-length=0 -MMD -MP -MF"src/TP1.d" -MT"src/TP1.o" -o "src/TP1.o" "../src/TP1.c"
../src/TP1.c: In function ‘main’:
../src/TP1.c:15:21: warning: passing argument 2 of ‘utn_getnumero’ makes pointer from integer without a cast [-Wint-conversion]
   15 | #define CANTNUMEROS 2
      |                     ^
      |                     |
      |                     int
../src/TP1.c:20:26: note: in expansion of macro ‘CANTNUMEROS’
   20 | utn_getnumero(&resultado,CANTNUMEROS,"Ingrese un numero");
      |                          ^~~~~~~~~~~
In file included from ../src/TP1.c:14:
../src/utn.h:12:39: note: expected ‘char *’ but argument is of type ‘int’
   12 | int utn_getnumero(float* numero,char* mensaje, char* mensajeError,int limite);
      |                                 ~~~~~~^~~~~~~
../src/TP1.c:20:1: error: too few arguments to function ‘utn_getnumero’
   20 | utn_getnumero(&resultado,CANTNUMEROS,"Ingrese un numero");
      | ^~~~~~~~~~~~~
In file included from ../src/TP1.c:14:
../src/utn.h:12:5: note: declared here
   12 | int utn_getnumero(float* numero,char* mensaje, char* mensajeError,int limite);
      |     ^~~~~~~~~~~~~
make: *** [src/subdir.mk:23: src/TP1.o] Error 1
"make all" terminated with exit code 2. Build might be incomplete.
13:14:13 **** Incremental Build of configuration Debug for project TP1 ****
make all 
Building file: ../src/TP1.c
Invoking: GCC C Compiler
gcc -O0 -g3 -Wall -c -fmessage-length=0 -MMD -MP -MF"src/TP1.d" -MT"src/TP1.o" -o "src/TP1.o" "../src/TP1.c"
Finished building: ../src/TP1.c
 
Building file: ../src/utn.c
Invoking: GCC C Compiler
gcc -O0 -g3 -Wall -c -fmessage-length=0 -MMD -MP -MF"src/utn.d" -MT"src/utn.o" -o "src/utn.o" "../src/utn.c"
Finished building: ../src/utn.c
 
Building target: TP1
Invoking: GCC C Linker
gcc  -o "TP1" ./src/TP1.o ./src/utn.o   
Finished building target: TP1
 
13:14:16 **** Incremental Build of configuration Debug for project TP1 ****
make all 
make: No se hace nada para 'all'.
13:16:58 **** Incremental Build of configuration Debug for project TP1 ****
make all 
Building file: ../src/TP1.c
Invoking: GCC C Compiler
gcc -O0 -g3 -Wall -c -fmessage-length=0 -MMD -MP -MF"src/TP1.d" -MT"src/TP1.o" -o "src/TP1.o" "../src/TP1.c"
Finished building: ../src/TP1.c
 
Building file: ../src/utn.c
Invoking: GCC C Compiler
gcc -O0 -g3 -Wall -c -fmessage-length=0 -MMD -MP -MF"src/utn.d" -MT"src/utn.o" -o "src/utn.o" "../src/utn.c"
Finished building: ../src/utn.c
 
Building target: TP1
Invoking: GCC C Linker
gcc  -o "TP1" ./src/TP1.o ./src/utn.o   
Finished building target: TP1
 
13:17:05 **** Incremental Build of configuration Debug for project TP1 ****
make all 
make: No se hace nada para 'all'.
13:17:51 **** Incremental Build of configuration Debug for project TP1 ****
make all 
Building file: ../src/TP1.c
Invoking: GCC C Compiler
gcc -O0 -g3 -Wall -c -fmessage-length=0 -MMD -MP -MF"src/TP1.d" -MT"src/TP1.o" -o "src/TP1.o" "../src/TP1.c"
Finished building: ../src/TP1.c
 
Building target: TP1
Invoking: GCC C Linker
gcc  -o "TP1" ./src/TP1.o ./src/utn.o   
Finished building target: TP1
 
13:18:20 **** Incremental Build of configuration Debug for project TP1 ****
make all 
Building file: ../src/TP1.c
Invoking: GCC C Compiler
gcc -O0 -g3 -Wall -c -fmessage-length=0 -MMD -MP -MF"src/TP1.d" -MT"src/TP1.o" -o "src/TP1.o" "../src/TP1.c"
Finished building: ../src/TP1.c
 
Building target: TP1
Invoking: GCC C Linker
gcc  -o "TP1" ./src/TP1.o ./src/utn.o   
Finished building target: TP1
 
13:28:16 **** Incremental Build of configuration Debug for project TP1 ****
make all 
Building file: ../src/utn.c
Invoking: GCC C Compiler
gcc -O0 -g3 -Wall -c -fmessage-length=0 -MMD -MP -MF"src/utn.d" -MT"src/utn.o" -o "src/utn.o" "../src/utn.c"
Finished building: ../src/utn.c
 
Building target: TP1
Invoking: GCC C Linker
gcc  -o "TP1" ./src/TP1.o ./src/utn.o   
Finished building target: TP1
 
13:28:21 **** Incremental Build of configuration Debug for project TP1 ****
make all 
make: No se hace nada para 'all'.
13:48:25 **** Incremental Build of configuration Debug for project TP1 ****
make all 
Building file: ../src/TP1.c
Invoking: GCC C Compiler
gcc -O0 -g3 -Wall -c -fmessage-length=0 -MMD -MP -MF"src/TP1.d" -MT"src/TP1.o" -o "src/TP1.o" "../src/TP1.c"
../src/TP1.c: In function ‘main’:
../src/TP1.c:21:1: warning: implicit declaration of function ‘utn_getnumero’; did you mean ‘utn_getnumeros’? [-Wimplicit-function-declaration]
   21 | utn_getnumero(&resultado, "\nIngrese un numero", "\nOcurrio un Error",2, CANTNUMEROS);
      | ^~~~~~~~~~~~~
      | utn_getnumeros
Finished building: ../src/TP1.c
 
Building file: ../src/utn.c
Invoking: GCC C Compiler
gcc -O0 -g3 -Wall -c -fmessage-length=0 -MMD -MP -MF"src/utn.d" -MT"src/utn.o" -o "src/utn.o" "../src/utn.c"
../src/utn.c: In function ‘utn_getnumeroRango’:
../src/utn.c:49:16: warning: format ‘%f’ expects argument of type ‘float *’, but argument 2 has type ‘int *’ [-Wformat=]
   49 |    if(!scanf("%f",&bufferNumero)){
      |               ~^  ~~~~~~~~~~~~~
      |                |  |
      |                |  int *
      |                float *
      |               %d
Finished building: ../src/utn.c
 
Building target: TP1
Invoking: GCC C Linker
gcc  -o "TP1" ./src/TP1.o ./src/utn.o   
/usr/bin/ld: ./src/TP1.o: en la función `main':
/home/irina/eclipse-workspace/TP1/Debug/../src/TP1.c:21: referencia a `utn_getnumero' sin definir
collect2: error: ld returned 1 exit status
make: *** [makefile:43: TP1] Error 1
"make all" terminated with exit code 2. Build might be incomplete.
13:48:52 **** Incremental Build of configuration Debug for project TP1 ****
make all 
Building file: ../src/utn.c
Invoking: GCC C Compiler
gcc -O0 -g3 -Wall -c -fmessage-length=0 -MMD -MP -MF"src/utn.d" -MT"src/utn.o" -o "src/utn.o" "../src/utn.c"
Finished building: ../src/utn.c
 
Building target: TP1
Invoking: GCC C Linker
gcc  -o "TP1" ./src/TP1.o ./src/utn.o   
/usr/bin/ld: ./src/TP1.o: en la función `main':
/home/irina/eclipse-workspace/TP1/Debug/../src/TP1.c:21: referencia a `utn_getnumero' sin definir
collect2: error: ld returned 1 exit status
make: *** [makefile:43: TP1] Error 1
"make all" terminated with exit code 2. Build might be incomplete.
13:49:25 **** Incremental Build of configuration Debug for project TP1 ****
make all 
Building file: ../src/TP1.c
Invoking: GCC C Compiler
gcc -O0 -g3 -Wall -c -fmessage-length=0 -MMD -MP -MF"src/TP1.d" -MT"src/TP1.o" -o "src/TP1.o" "../src/TP1.c"
Finished building: ../src/TP1.c
 
Building target: TP1
Invoking: GCC C Linker
gcc  -o "TP1" ./src/TP1.o ./src/utn.o   
Finished building target: TP1
 
13:49:27 **** Incremental Build of configuration Debug for project TP1 ****
make all 
make: No se hace nada para 'all'.
13:49:50 **** Incremental Build of configuration Debug for project TP1 ****
make all 
make: No se hace nada para 'all'.
13:51:46 **** Incremental Build of configuration Debug for project TP1 ****
make all 
Building file: ../src/utn.c
Invoking: GCC C Compiler
gcc -O0 -g3 -Wall -c -fmessage-length=0 -MMD -MP -MF"src/utn.d" -MT"src/utn.o" -o "src/utn.o" "../src/utn.c"
Finished building: ../src/utn.c
 
Building target: TP1
Invoking: GCC C Linker
gcc  -o "TP1" ./src/TP1.o ./src/utn.o   
Finished building target: TP1
 
13:51:50 **** Incremental Build of configuration Debug for project TP1 ****
make all 
make: No se hace nada para 'all'.
13:52:31 **** Incremental Build of configuration Debug for project TP1 ****
make all 
Building file: ../src/utn.c
Invoking: GCC C Compiler
gcc -O0 -g3 -Wall -c -fmessage-length=0 -MMD -MP -MF"src/utn.d" -MT"src/utn.o" -o "src/utn.o" "../src/utn.c"
Finished building: ../src/utn.c
 
Building target: TP1
Invoking: GCC C Linker
gcc  -o "TP1" ./src/TP1.o ./src/utn.o   
Finished building target: TP1
 
13:52:32 **** Incremental Build of configuration Debug for project TP1 ****
make all 
make: No se hace nada para 'all'.
13:53:38 **** Incremental Build of configuration Debug for project TP1 ****
make all 
Building file: ../src/TP1.c
Invoking: GCC C Compiler
gcc -O0 -g3 -Wall -c -fmessage-length=0 -MMD -MP -MF"src/TP1.d" -MT"src/TP1.o" -o "src/TP1.o" "../src/TP1.c"
../src/TP1.c: In function ‘main’:
../src/TP1.c:21:1: warning: implicit declaration of function ‘utn_getnumero’; did you mean ‘utn_getnumeros’? [-Wimplicit-function-declaration]
   21 | utn_getnumero(&resultado, "\nIngrese un numero", "\nOcurrio un Error",2, CANTNUMEROS);
      | ^~~~~~~~~~~~~
      | utn_getnumeros
Finished building: ../src/TP1.c
 
Building file: ../src/utn.c
Invoking: GCC C Compiler
gcc -O0 -g3 -Wall -c -fmessage-length=0 -MMD -MP -MF"src/utn.d" -MT"src/utn.o" -o "src/utn.o" "../src/utn.c"
Finished building: ../src/utn.c
 
Building target: TP1
Invoking: GCC C Linker
gcc  -o "TP1" ./src/TP1.o ./src/utn.o   
/usr/bin/ld: ./src/TP1.o: en la función `main':
/home/irina/eclipse-workspace/TP1/Debug/../src/TP1.c:21: referencia a `utn_getnumero' sin definir
collect2: error: ld returned 1 exit status
make: *** [makefile:43: TP1] Error 1
"make all" terminated with exit code 2. Build might be incomplete.
13:53:48 **** Incremental Build of configuration Debug for project TP1 ****
make all 
Building file: ../src/TP1.c
Invoking: GCC C Compiler
gcc -O0 -g3 -Wall -c -fmessage-length=0 -MMD -MP -MF"src/TP1.d" -MT"src/TP1.o" -o "src/TP1.o" "../src/TP1.c"
Finished building: ../src/TP1.c
 
Building target: TP1
Invoking: GCC C Linker
gcc  -o "TP1" ./src/TP1.o ./src/utn.o   
Finished building target: TP1
 
13:53:50 **** Incremental Build of configuration Debug for project TP1 ****
make all 
make: No se hace nada para 'all'.
13:54:55 **** Incremental Build of configuration Debug for project TP1 ****
make all 
make: No se hace nada para 'all'.
13:54:58 **** Incremental Build of configuration Debug for project TP1 ****
make all 
make: No se hace nada para 'all'.
13:56:15 **** Incremental Build of configuration Debug for project TP1 ****
make all 
Building file: ../src/utn.c
Invoking: GCC C Compiler
gcc -O0 -g3 -Wall -c -fmessage-length=0 -MMD -MP -MF"src/utn.d" -MT"src/utn.o" -o "src/utn.o" "../src/utn.c"
Finished building: ../src/utn.c
 
Building target: TP1
Invoking: GCC C Linker
gcc  -o "TP1" ./src/TP1.o ./src/utn.o   
Finished building target: TP1
 
13:56:20 **** Incremental Build of configuration Debug for project TP1 ****
make all 
make: No se hace nada para 'all'.
13:56:51 **** Incremental Build of configuration Debug for project TP1 ****
make all 
Building file: ../src/TP1.c
Invoking: GCC C Compiler
gcc -O0 -g3 -Wall -c -fmessage-length=0 -MMD -MP -MF"src/TP1.d" -MT"src/TP1.o" -o "src/TP1.o" "../src/TP1.c"
../src/TP1.c: In function ‘main’:
../src/TP1.c:19:5: warning: unused variable ‘opcion’ [-Wunused-variable]
   19 | int opcion;
      |     ^~~~~~
Finished building: ../src/TP1.c
 
Building target: TP1
Invoking: GCC C Linker
gcc  -o "TP1" ./src/TP1.o ./src/utn.o   
Finished building target: TP1
 
13:56:59 **** Incremental Build of configuration Debug for project TP1 ****
make all 
make: No se hace nada para 'all'.
14:00:10 **** Incremental Build of configuration Debug for project TP1 ****
make all 
Building file: ../src/TP1.c
Invoking: GCC C Compiler
gcc -O0 -g3 -Wall -c -fmessage-length=0 -MMD -MP -MF"src/TP1.d" -MT"src/TP1.o" -o "src/TP1.o" "../src/TP1.c"
../src/TP1.c: In function ‘main’:
../src/TP1.c:20:1: warning: implicit declaration of function ‘utn_getnumeros’; did you mean ‘utn_getnumero’? [-Wimplicit-function-declaration]
   20 | utn_getnumeros(&resultado, "\nIngrese un numero", "\nOcurrio un Error",2);
      | ^~~~~~~~~~~~~~
      | utn_getnumero
Finished building: ../src/TP1.c
 
Building file: ../src/utn.c
Invoking: GCC C Compiler
gcc -O0 -g3 -Wall -c -fmessage-length=0 -MMD -MP -MF"src/utn.d" -MT"src/utn.o" -o "src/utn.o" "../src/utn.c"
Finished building: ../src/utn.c
 
Building target: TP1
Invoking: GCC C Linker
gcc  -o "TP1" ./src/TP1.o ./src/utn.o   
/usr/bin/ld: ./src/TP1.o: en la función `main':
/home/irina/eclipse-workspace/TP1/Debug/../src/TP1.c:20: referencia a `utn_getnumeros' sin definir
collect2: error: ld returned 1 exit status
make: *** [makefile:43: TP1] Error 1
"make all" terminated with exit code 2. Build might be incomplete.
14:01:55 **** Incremental Build of configuration Debug for project TP1 ****
make all 
Building file: ../src/TP1.c
Invoking: GCC C Compiler
gcc -O0 -g3 -Wall -c -fmessage-length=0 -MMD -MP -MF"src/TP1.d" -MT"src/TP1.o" -o "src/TP1.o" "../src/TP1.c"
Finished building: ../src/TP1.c
 
Building file: ../src/utn.c
Invoking: GCC C Compiler
gcc -O0 -g3 -Wall -c -fmessage-length=0 -MMD -MP -MF"src/utn.d" -MT"src/utn.o" -o "src/utn.o" "../src/utn.c"
Finished building: ../src/utn.c
 
Building target: TP1
Invoking: GCC C Linker
gcc  -o "TP1" ./src/TP1.o ./src/utn.o   
Finished building target: TP1
 
14:01:57 **** Incremental Build of configuration Debug for project TP1 ****
make all 
make: No se hace nada para 'all'.
14:02:51 **** Incremental Build of configuration Debug for project TP1 ****
make all 
Building file: ../src/utn.c
Invoking: GCC C Compiler
gcc -O0 -g3 -Wall -c -fmessage-length=0 -MMD -MP -MF"src/utn.d" -MT"src/utn.o" -o "src/utn.o" "../src/utn.c"
Finished building: ../src/utn.c
 
Building target: TP1
Invoking: GCC C Linker
gcc  -o "TP1" ./src/TP1.o ./src/utn.o   
Finished building target: TP1
 
14:02:53 **** Incremental Build of configuration Debug for project TP1 ****
make all 
make: No se hace nada para 'all'.
14:04:07 **** Incremental Build of configuration Debug for project TP1 ****
make all 
make: No se hace nada para 'all'.
14:04:22 **** Incremental Build of configuration Debug for project TP1 ****
make all 
make: No se hace nada para 'all'.
14:04:24 **** Incremental Build of configuration Debug for project TP1 ****
make all 
make: No se hace nada para 'all'.
14:05:58 **** Incremental Build of configuration Debug for project TP1 ****
make all 
Building file: ../src/TP1.c
Invoking: GCC C Compiler
gcc -O0 -g3 -Wall -c -fmessage-length=0 -MMD -MP -MF"src/TP1.d" -MT"src/TP1.o" -o "src/TP1.o" "../src/TP1.c"
../src/TP1.c: In function ‘main’:
../src/TP1.c:21:24: error: ‘resultado’ undeclared (first use in this function)
   21 | numeroA=utn_getnumero(&resultado, "\nIngrese un numero", "\nError", 2);
      |                        ^~~~~~~~~
../src/TP1.c:21:24: note: each undeclared identifier is reported only once for each function it appears in
../src/TP1.c:18:7: warning: variable ‘numeroB’ set but not used [-Wunused-but-set-variable]
   18 | float numeroB;
      |       ^~~~~~~
../src/TP1.c:17:7: warning: variable ‘numeroA’ set but not used [-Wunused-but-set-variable]
   17 | float numeroA;
      |       ^~~~~~~
make: *** [src/subdir.mk:23: src/TP1.o] Error 1
"make all" terminated with exit code 2. Build might be incomplete.
14:06:33 **** Incremental Build of configuration Debug for project TP1 ****
make all 
Building file: ../src/TP1.c
Invoking: GCC C Compiler
gcc -O0 -g3 -Wall -c -fmessage-length=0 -MMD -MP -MF"src/TP1.d" -MT"src/TP1.o" -o "src/TP1.o" "../src/TP1.c"
Finished building: ../src/TP1.c
 
Building file: ../src/utn.c
Invoking: GCC C Compiler
gcc -O0 -g3 -Wall -c -fmessage-length=0 -MMD -MP -MF"src/utn.d" -MT"src/utn.o" -o "src/utn.o" "../src/utn.c"
Finished building: ../src/utn.c
 
Building target: TP1
Invoking: GCC C Linker
gcc  -o "TP1" ./src/TP1.o ./src/utn.o   
Finished building target: TP1
 
14:06:35 **** Incremental Build of configuration Debug for project TP1 ****
make all 
make: No se hace nada para 'all'.
14:08:12 **** Incremental Build of configuration Debug for project TP1 ****
make all 
Building file: ../src/TP1.c
Invoking: GCC C Compiler
gcc -O0 -g3 -Wall -c -fmessage-length=0 -MMD -MP -MF"src/TP1.d" -MT"src/TP1.o" -o "src/TP1.o" "../src/TP1.c"
Finished building: ../src/TP1.c
 
Building target: TP1
Invoking: GCC C Linker
gcc  -o "TP1" ./src/TP1.o ./src/utn.o   
Finished building target: TP1
 
14:08:15 **** Incremental Build of configuration Debug for project TP1 ****
make all 
make: No se hace nada para 'all'.
14:09:02 **** Incremental Build of configuration Debug for project TP1 ****
make all 
Building file: ../src/utn.c
Invoking: GCC C Compiler
gcc -O0 -g3 -Wall -c -fmessage-length=0 -MMD -MP -MF"src/utn.d" -MT"src/utn.o" -o "src/utn.o" "../src/utn.c"
Finished building: ../src/utn.c
 
Building target: TP1
Invoking: GCC C Linker
gcc  -o "TP1" ./src/TP1.o ./src/utn.o   
Finished building target: TP1
 
14:09:05 **** Incremental Build of configuration Debug for project TP1 ****
make all 
make: No se hace nada para 'all'.
14:09:12 **** Incremental Build of configuration Debug for project TP1 ****
make all 
make: No se hace nada para 'all'.
14:09:55 **** Incremental Build of configuration Debug for project TP1 ****
make all 
Building file: ../src/TP1.c
Invoking: GCC C Compiler
gcc -O0 -g3 -Wall -c -fmessage-length=0 -MMD -MP -MF"src/TP1.d" -MT"src/TP1.o" -o "src/TP1.o" "../src/TP1.c"
Finished building: ../src/TP1.c
 
Building target: TP1
Invoking: GCC C Linker
gcc  -o "TP1" ./src/TP1.o ./src/utn.o   
Finished building target: TP1
 
14:09:57 **** Incremental Build of configuration Debug for project TP1 ****
make all 
make: No se hace nada para 'all'.
14:11:22 **** Incremental Build of configuration Debug for project TP1 ****
make all 
Building file: ../src/utn.c
Invoking: GCC C Compiler
gcc -O0 -g3 -Wall -c -fmessage-length=0 -MMD -MP -MF"src/utn.d" -MT"src/utn.o" -o "src/utn.o" "../src/utn.c"
Finished building: ../src/utn.c
 
Building target: TP1
Invoking: GCC C Linker
gcc  -o "TP1" ./src/TP1.o ./src/utn.o   
Finished building target: TP1
 
14:11:24 **** Incremental Build of configuration Debug for project TP1 ****
make all 
make: No se hace nada para 'all'.
14:20:22 **** Incremental Build of configuration Debug for project TP1 ****
make all 
Building file: ../src/TP1.c
Invoking: GCC C Compiler
gcc -O0 -g3 -Wall -c -fmessage-length=0 -MMD -MP -MF"src/TP1.d" -MT"src/TP1.o" -o "src/TP1.o" "../src/TP1.c"
Finished building: ../src/TP1.c
 
Building file: ../src/utn.c
Invoking: GCC C Compiler
gcc -O0 -g3 -Wall -c -fmessage-length=0 -MMD -MP -MF"src/utn.d" -MT"src/utn.o" -o "src/utn.o" "../src/utn.c"
Finished building: ../src/utn.c
 
Building target: TP1
Invoking: GCC C Linker
gcc  -o "TP1" ./src/TP1.o ./src/utn.o   
Finished building target: TP1
 
14:20:33 **** Incremental Build of configuration Debug for project TP1 ****
make all 
make: No se hace nada para 'all'.
14:20:48 **** Incremental Build of configuration Debug for project TP1 ****
make all 
make: No se hace nada para 'all'.
14:20:50 **** Incremental Build of configuration Debug for project TP1 ****
make all 
make: No se hace nada para 'all'.
14:27:47 **** Incremental Build of configuration Debug for project TP1 ****
make all 
Building file: ../src/TP1.c
Invoking: GCC C Compiler
gcc -O0 -g3 -Wall -c -fmessage-length=0 -MMD -MP -MF"src/TP1.d" -MT"src/TP1.o" -o "src/TP1.o" "../src/TP1.c"
../src/TP1.c: In function ‘main’:
../src/TP1.c:32:8: error: label at end of compound statement
   32 |   case 5:
      |        ^
make: *** [src/subdir.mk:23: src/TP1.o] Error 1
"make all" terminated with exit code 2. Build might be incomplete.
14:28:41 **** Incremental Build of configuration Debug for project TP1 ****
make all 
Building file: ../src/TP1.c
Invoking: GCC C Compiler
gcc -O0 -g3 -Wall -c -fmessage-length=0 -MMD -MP -MF"src/TP1.d" -MT"src/TP1.o" -o "src/TP1.o" "../src/TP1.c"
Finished building: ../src/TP1.c
 
Building target: TP1
Invoking: GCC C Linker
gcc  -o "TP1" ./src/TP1.o ./src/utn.o   
Finished building target: TP1
 
14:28:44 **** Incremental Build of configuration Debug for project TP1 ****
make all 
make: No se hace nada para 'all'.
14:29:45 **** Incremental Build of configuration Debug for project TP1 ****
make all 
Building file: ../src/TP1.c
Invoking: GCC C Compiler
gcc -O0 -g3 -Wall -c -fmessage-length=0 -MMD -MP -MF"src/TP1.d" -MT"src/TP1.o" -o "src/TP1.o" "../src/TP1.c"
Finished building: ../src/TP1.c
 
Building target: TP1
Invoking: GCC C Linker
gcc  -o "TP1" ./src/TP1.o ./src/utn.o   
Finished building target: TP1
 
14:29:48 **** Incremental Build of configuration Debug for project TP1 ****
make all 
make: No se hace nada para 'all'.
14:33:43 **** Incremental Build of configuration Debug for project TP1 ****
make all 
Building file: ../src/TP1.c
Invoking: GCC C Compiler
gcc -O0 -g3 -Wall -c -fmessage-length=0 -MMD -MP -MF"src/TP1.d" -MT"src/TP1.o" -o "src/TP1.o" "../src/TP1.c"
Finished building: ../src/TP1.c
 
Building target: TP1
Invoking: GCC C Linker
gcc  -o "TP1" ./src/TP1.o ./src/utn.o   
Finished building target: TP1
 
14:33:45 **** Incremental Build of configuration Debug for project TP1 ****
make all 
make: No se hace nada para 'all'.
14:41:34 **** Incremental Build of configuration Debug for project TP1 ****
make all 
Building file: ../src/TP1.c
Invoking: GCC C Compiler
gcc -O0 -g3 -Wall -c -fmessage-length=0 -MMD -MP -MF"src/TP1.d" -MT"src/TP1.o" -o "src/TP1.o" "../src/TP1.c"
../src/TP1.c: In function ‘main’:
../src/TP1.c:21:5: warning: unused variable ‘flag_numeroB’ [-Wunused-variable]
   21 | int flag_numeroB;
      |     ^~~~~~~~~~~~
../src/TP1.c:20:5: warning: unused variable ‘flag_numeroA’ [-Wunused-variable]
   20 | int flag_numeroA;
      |     ^~~~~~~~~~~~
Finished building: ../src/TP1.c
 
Building target: TP1
Invoking: GCC C Linker
gcc  -o "TP1" ./src/TP1.o ./src/utn.o   
Finished building target: TP1
 
14:41:59 **** Incremental Build of configuration Debug for project TP1 ****
make all 
Building file: ../src/TP1.c
Invoking: GCC C Compiler
gcc -O0 -g3 -Wall -c -fmessage-length=0 -MMD -MP -MF"src/TP1.d" -MT"src/TP1.o" -o "src/TP1.o" "../src/TP1.c"
Finished building: ../src/TP1.c
 
Building target: TP1
Invoking: GCC C Linker
gcc  -o "TP1" ./src/TP1.o ./src/utn.o   
Finished building target: TP1
 
14:42:01 **** Incremental Build of configuration Debug for project TP1 ****
make all 
make: No se hace nada para 'all'.
14:51:37 **** Incremental Build of configuration Debug for project TP1 ****
make all 
Building file: ../src/TP1.c
Invoking: GCC C Compiler
gcc -O0 -g3 -Wall -c -fmessage-length=0 -MMD -MP -MF"src/TP1.d" -MT"src/TP1.o" -o "src/TP1.o" "../src/TP1.c"
../src/TP1.c: In function ‘main’:
../src/TP1.c:51:26: warning: passing argument 3 of ‘suma’ from incompatible pointer type [-Wincompatible-pointer-types]
   51 |   suma(numeroA, numeroB, &resultado);
      |                          ^~~~~~~~~~
      |                          |
      |                          float *
In file included from ../src/TP1.c:14:
../src/utn.h:14:47: note: expected ‘int *’ but argument is of type ‘float *’
   14 | int suma(float operador1,float operador2,int* pResultado);
      |                                          ~~~~~^~~~~~~~~~
../src/TP1.c:60:10: warning: format ‘%d’ expects argument of type ‘int’, but argument 2 has type ‘int (*)(float,  float,  int *)’ [-Wformat=]
   60 | printf("%d",suma);
      |         ~^  ~~~~
      |          |  |
      |          |  int (*)(float,  float,  int *)
      |          int
Finished building: ../src/TP1.c
 
Building file: ../src/utn.c
Invoking: GCC C Compiler
gcc -O0 -g3 -Wall -c -fmessage-length=0 -MMD -MP -MF"src/utn.d" -MT"src/utn.o" -o "src/utn.o" "../src/utn.c"
Finished building: ../src/utn.c
 
Building target: TP1
Invoking: GCC C Linker
gcc  -o "TP1" ./src/TP1.o ./src/utn.o   
Finished building target: TP1
 
14:51:59 **** Incremental Build of configuration Debug for project TP1 ****
make all 
Building file: ../src/TP1.c
Invoking: GCC C Compiler
gcc -O0 -g3 -Wall -c -fmessage-length=0 -MMD -MP -MF"src/TP1.d" -MT"src/TP1.o" -o "src/TP1.o" "../src/TP1.c"
../src/TP1.c: In function ‘main’:
../src/TP1.c:51:26: warning: passing argument 3 of ‘suma’ from incompatible pointer type [-Wincompatible-pointer-types]
   51 |   suma(numeroA, numeroB, &resultado);
      |                          ^~~~~~~~~~
      |                          |
      |                          float *
In file included from ../src/TP1.c:14:
../src/utn.h:14:47: note: expected ‘int *’ but argument is of type ‘float *’
   14 | int suma(float operador1,float operador2,int* pResultado);
      |                                          ~~~~~^~~~~~~~~~
../src/TP1.c:60:10: warning: format ‘%f’ expects argument of type ‘double’, but argument 2 has type ‘int (*)(float,  float,  int *)’ [-Wformat=]
   60 | printf("%f",suma);
      |         ~^  ~~~~
      |          |  |
      |          |  int (*)(float,  float,  int *)
      |          double
Finished building: ../src/TP1.c
 
Building target: TP1
Invoking: GCC C Linker
gcc  -o "TP1" ./src/TP1.o ./src/utn.o   
Finished building target: TP1
 
14:52:41 **** Incremental Build of configuration Debug for project TP1 ****
make all 
Building file: ../src/utn.c
Invoking: GCC C Compiler
gcc -O0 -g3 -Wall -c -fmessage-length=0 -MMD -MP -MF"src/utn.d" -MT"src/utn.o" -o "src/utn.o" "../src/utn.c"
Finished building: ../src/utn.c
 
Building target: TP1
Invoking: GCC C Linker
gcc  -o "TP1" ./src/TP1.o ./src/utn.o   
Finished building target: TP1
 
14:52:43 **** Incremental Build of configuration Debug for project TP1 ****
make all 
make: No se hace nada para 'all'.
14:53:23 **** Incremental Build of configuration Debug for project TP1 ****
make all 
make: No se hace nada para 'all'.
14:53:39 **** Incremental Build of configuration Debug for project TP1 ****
make all 
make: No se hace nada para 'all'.
14:57:29 **** Incremental Build of configuration Debug for project TP1 ****
make all 
Building file: ../src/TP1.c
Invoking: GCC C Compiler
gcc -O0 -g3 -Wall -c -fmessage-length=0 -MMD -MP -MF"src/TP1.d" -MT"src/TP1.o" -o "src/TP1.o" "../src/TP1.c"
../src/TP1.c: In function ‘main’:
../src/TP1.c:53:26: warning: passing argument 3 of ‘suma’ from incompatible pointer type [-Wincompatible-pointer-types]
   53 |   suma(numeroA, numeroB, &resultado);
      |                          ^~~~~~~~~~
      |                          |
      |                          float *
In file included from ../src/TP1.c:14:
../src/utn.h:14:47: note: expected ‘int *’ but argument is of type ‘float *’
   14 | int suma(float operador1,float operador2,int* pResultado);
      |                                          ~~~~~^~~~~~~~~~
../src/TP1.c:62:10: warning: format ‘%f’ expects argument of type ‘double’, but argument 2 has type ‘int (*)(float,  float,  int *)’ [-Wformat=]
   62 | printf("%f",suma);
      |         ~^  ~~~~
      |          |  |
      |          |  int (*)(float,  float,  int *)
      |          double
Finished building: ../src/TP1.c
 
Building target: TP1
Invoking: GCC C Linker
gcc  -o "TP1" ./src/TP1.o ./src/utn.o   
Finished building target: TP1
 
14:58:52 **** Incremental Build of configuration Debug for project TP1 ****
make all 
make: No se hace nada para 'all'.
14:58:55 **** Incremental Build of configuration Debug for project TP1 ****
make all 
make: No se hace nada para 'all'.
15:00:28 **** Incremental Build of configuration Debug for project TP1 ****
make all 
make: No se hace nada para 'all'.
15:00:30 **** Incremental Build of configuration Debug for project TP1 ****
make all 
make: No se hace nada para 'all'.
15:01:24 **** Incremental Build of configuration Debug for project TP1 ****
make all 
Building file: ../src/TP1.c
Invoking: GCC C Compiler
gcc -O0 -g3 -Wall -c -fmessage-length=0 -MMD -MP -MF"src/TP1.d" -MT"src/TP1.o" -o "src/TP1.o" "../src/TP1.c"
../src/TP1.c: In function ‘main’:
../src/TP1.c:55:26: warning: passing argument 3 of ‘suma’ from incompatible pointer type [-Wincompatible-pointer-types]
   55 |   suma(numeroA, numeroB, &resultado);
      |                          ^~~~~~~~~~
      |                          |
      |                          float *
In file included from ../src/TP1.c:14:
../src/utn.h:14:47: note: expected ‘int *’ but argument is of type ‘float *’
   14 | int suma(float operador1,float operador2,int* pResultado);
      |                                          ~~~~~^~~~~~~~~~
../src/TP1.c:64:10: warning: format ‘%f’ expects argument of type ‘double’, but argument 2 has type ‘int (*)(float,  float,  int *)’ [-Wformat=]
   64 | printf("%f",suma);
      |         ~^  ~~~~
      |          |  |
      |          |  int (*)(float,  float,  int *)
      |          double
Finished building: ../src/TP1.c
 
Building target: TP1
Invoking: GCC C Linker
gcc  -o "TP1" ./src/TP1.o ./src/utn.o   
Finished building target: TP1
 
15:02:53 **** Incremental Build of configuration Debug for project TP1 ****
make all 
make: No se hace nada para 'all'.
15:02:54 **** Incremental Build of configuration Debug for project TP1 ****
make all 
make: No se hace nada para 'all'.
15:03:27 **** Incremental Build of configuration Debug for project TP1 ****
make all 
make: No se hace nada para 'all'.
15:03:30 **** Incremental Build of configuration Debug for project TP1 ****
make all 
make: No se hace nada para 'all'.
15:04:02 **** Incremental Build of configuration Debug for project TP1 ****
make all 
Building file: ../src/TP1.c
Invoking: GCC C Compiler
gcc -O0 -g3 -Wall -c -fmessage-length=0 -MMD -MP -MF"src/TP1.d" -MT"src/TP1.o" -o "src/TP1.o" "../src/TP1.c"
../src/TP1.c: In function ‘main’:
../src/TP1.c:55:26: warning: passing argument 3 of ‘suma’ from incompatible pointer type [-Wincompatible-pointer-types]
   55 |   suma(numeroA, numeroB, &resultado);
      |                          ^~~~~~~~~~
      |                          |
      |                          float *
In file included from ../src/TP1.c:14:
../src/utn.h:14:47: note: expected ‘int *’ but argument is of type ‘float *’
   14 | int suma(float operador1,float operador2,int* pResultado);
      |                                          ~~~~~^~~~~~~~~~
../src/TP1.c:64:10: warning: format ‘%f’ expects argument of type ‘double’, but argument 2 has type ‘int (*)(float,  float,  int *)’ [-Wformat=]
   64 | printf("%f",suma);
      |         ~^  ~~~~
      |          |  |
      |          |  int (*)(float,  float,  int *)
      |          double
Finished building: ../src/TP1.c
 
Building target: TP1
Invoking: GCC C Linker
gcc  -o "TP1" ./src/TP1.o ./src/utn.o   
Finished building target: TP1
 
15:04:36 **** Incremental Build of configuration Debug for project TP1 ****
make all 
Building file: ../src/TP1.c
Invoking: GCC C Compiler
gcc -O0 -g3 -Wall -c -fmessage-length=0 -MMD -MP -MF"src/TP1.d" -MT"src/TP1.o" -o "src/TP1.o" "../src/TP1.c"
../src/TP1.c: In function ‘main’:
../src/TP1.c:64:10: warning: format ‘%f’ expects argument of type ‘double’, but argument 2 has type ‘int (*)(float,  float,  float *)’ [-Wformat=]
   64 | printf("%f",suma);
      |         ~^  ~~~~
      |          |  |
      |          |  int (*)(float,  float,  float *)
      |          double
Finished building: ../src/TP1.c
 
Building target: TP1
Invoking: GCC C Linker
gcc  -o "TP1" ./src/TP1.o ./src/utn.o   
Finished building target: TP1
 
15:05:08 **** Incremental Build of configuration Debug for project TP1 ****
make all 
Building file: ../src/utn.c
Invoking: GCC C Compiler
gcc -O0 -g3 -Wall -c -fmessage-length=0 -MMD -MP -MF"src/utn.d" -MT"src/utn.o" -o "src/utn.o" "../src/utn.c"
Finished building: ../src/utn.c
 
Building target: TP1
Invoking: GCC C Linker
gcc  -o "TP1" ./src/TP1.o ./src/utn.o   
Finished building target: TP1
 
15:05:10 **** Incremental Build of configuration Debug for project TP1 ****
make all 
make: No se hace nada para 'all'.
15:07:01 **** Incremental Build of configuration Debug for project TP1 ****
make all 
Building file: ../src/TP1.c
Invoking: GCC C Compiler
gcc -O0 -g3 -Wall -c -fmessage-length=0 -MMD -MP -MF"src/TP1.d" -MT"src/TP1.o" -o "src/TP1.o" "../src/TP1.c"
Finished building: ../src/TP1.c
 
Building target: TP1
Invoking: GCC C Linker
gcc  -o "TP1" ./src/TP1.o ./src/utn.o   
Finished building target: TP1
 
15:07:03 **** Incremental Build of configuration Debug for project TP1 ****
make all 
make: No se hace nada para 'all'.
15:09:32 **** Incremental Build of configuration Debug for project TP1 ****
make all 
Building file: ../src/TP1.c
Invoking: GCC C Compiler
gcc -O0 -g3 -Wall -c -fmessage-length=0 -MMD -MP -MF"src/TP1.d" -MT"src/TP1.o" -o "src/TP1.o" "../src/TP1.c"
../src/TP1.c: In function ‘main’:
../src/TP1.c:29:3: error: case label does not reduce to an integer constant
   29 |   case "A":
      |   ^~~~
../src/TP1.c:39:3: error: case label does not reduce to an integer constant
   39 |   case "B":
      |   ^~~~
make: *** [src/subdir.mk:23: src/TP1.o] Error 1
"make all" terminated with exit code 2. Build might be incomplete.
15:10:24 **** Incremental Build of configuration Debug for project TP1 ****
make all 
Building file: ../src/TP1.c
Invoking: GCC C Compiler
gcc -O0 -g3 -Wall -c -fmessage-length=0 -MMD -MP -MF"src/TP1.d" -MT"src/TP1.o" -o "src/TP1.o" "../src/TP1.c"
../src/TP1.c: In function ‘main’:
../src/TP1.c:26:24: warning: passing argument 1 of ‘utn_getnumeroRango’ from incompatible pointer type [-Wincompatible-pointer-types]
   26 |  if(utn_getnumeroRango(&opcion, "Ingrese una opcion\n\nA-Ingresar primer numero\nB-Ingresar segundo numero\n",
      |                        ^~~~~~~
      |                        |
      |                        char *
In file included from ../src/TP1.c:14:
../src/utn.h:13:29: note: expected ‘int *’ but argument is of type ‘char *’
   13 | int utn_getnumeroRango(int* numero,char* mensaje, char* mensajeError,int reintentos, int maximo, int minimo);
      |                        ~~~~~^~~~~~
../src/TP1.c:29:3: error: case label does not reduce to an integer constant
   29 |   case "A":
      |   ^~~~
../src/TP1.c:39:3: error: case label does not reduce to an integer constant
   39 |   case "B":
      |   ^~~~
make: *** [src/subdir.mk:23: src/TP1.o] Error 1
"make all" terminated with exit code 2. Build might be incomplete.
15:11:29 **** Incremental Build of configuration Debug for project TP1 ****
make all 
Building file: ../src/TP1.c
Invoking: GCC C Compiler
gcc -O0 -g3 -Wall -c -fmessage-length=0 -MMD -MP -MF"src/TP1.d" -MT"src/TP1.o" -o "src/TP1.o" "../src/TP1.c"
Finished building: ../src/TP1.c
 
Building target: TP1
Invoking: GCC C Linker
gcc  -o "TP1" ./src/TP1.o ./src/utn.o   
Finished building target: TP1
 
15:16:21 **** Incremental Build of configuration Debug for project TP1 ****
make all 
Building file: ../src/TP1.c
Invoking: GCC C Compiler
gcc -O0 -g3 -Wall -c -fmessage-length=0 -MMD -MP -MF"src/TP1.d" -MT"src/TP1.o" -o "src/TP1.o" "../src/TP1.c"
../src/TP1.c: In function ‘main’:
../src/TP1.c:55:3: warning: implicit declaration of function ‘suma’ [-Wimplicit-function-declaration]
   55 |   suma(numeroA, numeroB, &resultado);
      |   ^~~~
Finished building: ../src/TP1.c
 
Building file: ../src/utn.c
Invoking: GCC C Compiler
gcc -O0 -g3 -Wall -c -fmessage-length=0 -MMD -MP -MF"src/utn.d" -MT"src/utn.o" -o "src/utn.o" "../src/utn.c"
Finished building: ../src/utn.c
 
Building target: TP1
Invoking: GCC C Linker
gcc  -o "TP1" ./src/TP1.o ./src/utn.o   
/usr/bin/ld: ./src/TP1.o: en la función `main':
/home/irina/eclipse-workspace/TP1/Debug/../src/TP1.c:55: referencia a `suma' sin definir
collect2: error: ld returned 1 exit status
make: *** [makefile:43: TP1] Error 1
"make all" terminated with exit code 2. Build might be incomplete.
15:16:43 **** Incremental Build of configuration Debug for project TP1 ****
make all 
Building file: ../src/TP1.c
Invoking: GCC C Compiler
gcc -O0 -g3 -Wall -c -fmessage-length=0 -MMD -MP -MF"src/TP1.d" -MT"src/TP1.o" -o "src/TP1.o" "../src/TP1.c"
Finished building: ../src/TP1.c
 
Building target: TP1
Invoking: GCC C Linker
gcc  -o "TP1" ./src/TP1.o ./src/utn.o   
Finished building target: TP1
 
15:16:46 **** Incremental Build of configuration Debug for project TP1 ****
make all 
make: No se hace nada para 'all'.
15:19:00 **** Incremental Build of configuration Debug for project TP1 ****
make all 
Building file: ../src/TP1.c
Invoking: GCC C Compiler
gcc -O0 -g3 -Wall -c -fmessage-length=0 -MMD -MP -MF"src/TP1.d" -MT"src/TP1.o" -o "src/TP1.o" "../src/TP1.c"
Finished building: ../src/TP1.c
 
Building target: TP1
Invoking: GCC C Linker
gcc  -o "TP1" ./src/TP1.o ./src/utn.o   
Finished building target: TP1
 
15:19:04 **** Incremental Build of configuration Debug for project TP1 ****
make all 
make: No se hace nada para 'all'.
15:20:08 **** Incremental Build of configuration Debug for project TP1 ****
make all 
Building file: ../src/TP1.c
Invoking: GCC C Compiler
gcc -O0 -g3 -Wall -c -fmessage-length=0 -MMD -MP -MF"src/TP1.d" -MT"src/TP1.o" -o "src/TP1.o" "../src/TP1.c"
Finished building: ../src/TP1.c
 
Building target: TP1
Invoking: GCC C Linker
gcc  -o "TP1" ./src/TP1.o ./src/utn.o   
Finished building target: TP1
 
15:20:32 **** Incremental Build of configuration Debug for project TP1 ****
make all 
Building file: ../src/TP1.c
Invoking: GCC C Compiler
gcc -O0 -g3 -Wall -c -fmessage-length=0 -MMD -MP -MF"src/TP1.d" -MT"src/TP1.o" -o "src/TP1.o" "../src/TP1.c"
Finished building: ../src/TP1.c
 
Building target: TP1
Invoking: GCC C Linker
gcc  -o "TP1" ./src/TP1.o ./src/utn.o   
Finished building target: TP1
 
15:20:33 **** Incremental Build of configuration Debug for project TP1 ****
make all 
make: No se hace nada para 'all'.
15:24:23 **** Incremental Build of configuration Debug for project TP1 ****
make all 
Building file: ../src/TP1.c
Invoking: GCC C Compiler
gcc -O0 -g3 -Wall -c -fmessage-length=0 -MMD -MP -MF"src/TP1.d" -MT"src/TP1.o" -o "src/TP1.o" "../src/TP1.c"
Finished building: ../src/TP1.c
 
Building file: ../src/utn.c
Invoking: GCC C Compiler
gcc -O0 -g3 -Wall -c -fmessage-length=0 -MMD -MP -MF"src/utn.d" -MT"src/utn.o" -o "src/utn.o" "../src/utn.c"
Finished building: ../src/utn.c
 
Building target: TP1
Invoking: GCC C Linker
gcc  -o "TP1" ./src/TP1.o ./src/utn.o   
Finished building target: TP1
 
15:24:26 **** Incremental Build of configuration Debug for project TP1 ****
make all 
make: No se hace nada para 'all'.
15:25:27 **** Incremental Build of configuration Debug for project TP1 ****
make all 
Building file: ../src/TP1.c
Invoking: GCC C Compiler
gcc -O0 -g3 -Wall -c -fmessage-length=0 -MMD -MP -MF"src/TP1.d" -MT"src/TP1.o" -o "src/TP1.o" "../src/TP1.c"
Finished building: ../src/TP1.c
 
Building target: TP1
Invoking: GCC C Linker
gcc  -o "TP1" ./src/TP1.o ./src/utn.o   
Finished building target: TP1
 
15:25:29 **** Incremental Build of configuration Debug for project TP1 ****
make all 
make: No se hace nada para 'all'.
15:25:50 **** Incremental Build of configuration Debug for project TP1 ****
make all 
make: No se hace nada para 'all'.
15:26:08 **** Incremental Build of configuration Debug for project TP1 ****
make all 
make: No se hace nada para 'all'.
15:37:19 **** Incremental Build of configuration Debug for project TP1 ****
make all 
Building file: ../src/TP1.c
Invoking: GCC C Compiler
gcc -O0 -g3 -Wall -c -fmessage-length=0 -MMD -MP -MF"src/TP1.d" -MT"src/TP1.o" -o "src/TP1.o" "../src/TP1.c"
In file included from ../src/TP1.c:14:
../src/utn.h:13:5: error: conflicting types for ‘utn_getnumeroRango’
   13 | int utn_getnumeroRango(int* numero,char* mensaje, char* mensajeError,int reintentos, int maximo, int minimo);
      |     ^~~~~~~~~~~~~~~~~~
../src/utn.h:12:5: note: previous declaration of ‘utn_getnumeroRango’ was here
   12 | int utn_getnumeroRango(char* numero,char* mensaje, char* mensajeError,int reintentos, int maximo, int minimo);
      |     ^~~~~~~~~~~~~~~~~~
../src/TP1.c: In function ‘main’:
../src/TP1.c:26:24: warning: passing argument 1 of ‘utn_getnumeroRango’ from incompatible pointer type [-Wincompatible-pointer-types]
   26 |  if(utn_getnumeroRango(&opcion, "Ingrese una opcion\n\nA-Ingresar primer numero\nB-Ingresar segundo numero\n",
      |                        ^~~~~~~
      |                        |
      |                        char *
In file included from ../src/TP1.c:14:
../src/utn.h:13:29: note: expected ‘int *’ but argument is of type ‘char *’
   13 | int utn_getnumeroRango(int* numero,char* mensaje, char* mensajeError,int reintentos, int maximo, int minimo);
      |                        ~~~~~^~~~~~
../src/TP1.c:31:5: warning: implicit declaration of function ‘utn_getnumero’; did you mean ‘utn_getnumeroRango’? [-Wimplicit-function-declaration]
   31 |     utn_getnumero(&numeroA, "\nIngrese el primer numero\n", "Error\n", 2);
      |     ^~~~~~~~~~~~~
      |     utn_getnumeroRango
make: *** [src/subdir.mk:23: src/TP1.o] Error 1
"make all" terminated with exit code 2. Build might be incomplete.
15:38:20 **** Incremental Build of configuration Debug for project TP1 ****
make all 
Building file: ../src/TP1.c
Invoking: GCC C Compiler
gcc -O0 -g3 -Wall -c -fmessage-length=0 -MMD -MP -MF"src/TP1.d" -MT"src/TP1.o" -o "src/TP1.o" "../src/TP1.c"
../src/TP1.c: In function ‘main’:
../src/TP1.c:31:5: warning: implicit declaration of function ‘utn_getnumero’; did you mean ‘utn_getnumeroRango’? [-Wimplicit-function-declaration]
   31 |     utn_getnumero(&numeroA, "\nIngrese el primer numero\n", "Error\n", 2);
      |     ^~~~~~~~~~~~~
      |     utn_getnumeroRango
../src/TP1.c:50:23: warning: passing argument 1 of ‘utn_getnumeroRango’ from incompatible pointer type [-Wincompatible-pointer-types]
   50 | if(utn_getnumeroRango(&operacion, "Ingrese una opcion\n", "ERROR\n", 2, 5, 1)){
      |                       ^~~~~~~~~~
      |                       |
      |                       int *
In file included from ../src/TP1.c:14:
../src/utn.h:12:30: note: expected ‘char *’ but argument is of type ‘int *’
   12 | int utn_getnumeroRango(char* numero,char* mensaje, char* mensajeError,int reintentos, int maximo, int minimo);
      |                        ~~~~~~^~~~~~
Finished building: ../src/TP1.c
 
Building file: ../src/utn.c
Invoking: GCC C Compiler
gcc -O0 -g3 -Wall -c -fmessage-length=0 -MMD -MP -MF"src/utn.d" -MT"src/utn.o" -o "src/utn.o" "../src/utn.c"
Finished building: ../src/utn.c
 
Building target: TP1
Invoking: GCC C Linker
gcc  -o "TP1" ./src/TP1.o ./src/utn.o   
Finished building target: TP1
 
15:39:51 **** Incremental Build of configuration Debug for project TP1 ****
make all 
Building file: ../src/TP1.c
Invoking: GCC C Compiler
gcc -O0 -g3 -Wall -c -fmessage-length=0 -MMD -MP -MF"src/TP1.d" -MT"src/TP1.o" -o "src/TP1.o" "../src/TP1.c"
../src/TP1.c: In function ‘main’:
../src/TP1.c:50:23: warning: passing argument 1 of ‘utn_getnumeroRango’ from incompatible pointer type [-Wincompatible-pointer-types]
   50 | if(utn_getnumeroRango(&operacion, "Ingrese una opcion\n", "ERROR\n", 2, 5, 1)){
      |                       ^~~~~~~~~~
      |                       |
      |                       int *
In file included from ../src/TP1.c:14:
../src/utn.h:13:30: note: expected ‘char *’ but argument is of type ‘int *’
   13 | int utn_getnumeroRango(char* numero,char* mensaje, char* mensajeError,int reintentos, int maximo, int minimo);
      |                        ~~~~~~^~~~~~
Finished building: ../src/TP1.c
 
Building target: TP1
Invoking: GCC C Linker
gcc  -o "TP1" ./src/TP1.o ./src/utn.o   
Finished building target: TP1
 
15:41:03 **** Incremental Build of configuration Debug for project TP1 ****
make all 
Building file: ../src/TP1.c
Invoking: GCC C Compiler
gcc -O0 -g3 -Wall -c -fmessage-length=0 -MMD -MP -MF"src/TP1.d" -MT"src/TP1.o" -o "src/TP1.o" "../src/TP1.c"
../src/TP1.c: In function ‘main’:
../src/TP1.c:29:3: error: case label does not reduce to an integer constant
   29 |   case "A":
      |   ^~~~
../src/TP1.c:38:3: error: case label does not reduce to an integer constant
   38 |   case "B":
      |   ^~~~
../src/TP1.c:50:23: warning: passing argument 1 of ‘utn_getnumeroRango’ from incompatible pointer type [-Wincompatible-pointer-types]
   50 | if(utn_getnumeroRango(&operacion, "Ingrese una opcion\n", "ERROR\n", 2, 5, 1)){
      |                       ^~~~~~~~~~
      |                       |
      |                       int *
In file included from ../src/TP1.c:14:
../src/utn.h:13:30: note: expected ‘char *’ but argument is of type ‘int *’
   13 | int utn_getnumeroRango(char* numero,char* mensaje, char* mensajeError,int reintentos, int maximo, int minimo);
      |                        ~~~~~~^~~~~~
make: *** [src/subdir.mk:23: src/TP1.o] Error 1
"make all" terminated with exit code 2. Build might be incomplete.
15:41:56 **** Incremental Build of configuration Debug for project TP1 ****
make all 
Building file: ../src/TP1.c
Invoking: GCC C Compiler
gcc -O0 -g3 -Wall -c -fmessage-length=0 -MMD -MP -MF"src/TP1.d" -MT"src/TP1.o" -o "src/TP1.o" "../src/TP1.c"
../src/TP1.c: In function ‘main’:
../src/TP1.c:29:3: error: case label does not reduce to an integer constant
   29 |   case "A":
      |   ^~~~
../src/TP1.c:38:3: error: case label does not reduce to an integer constant
   38 |   case "B":
      |   ^~~~
make: *** [src/subdir.mk:23: src/TP1.o] Error 1
"make all" terminated with exit code 2. Build might be incomplete.
15:43:54 **** Incremental Build of configuration Debug for project TP1 ****
make all 
Building file: ../src/TP1.c
Invoking: GCC C Compiler
gcc -O0 -g3 -Wall -c -fmessage-length=0 -MMD -MP -MF"src/TP1.d" -MT"src/TP1.o" -o "src/TP1.o" "../src/TP1.c"
../src/TP1.c: In function ‘main’:
../src/TP1.c:29:3: error: case label does not reduce to an integer constant
   29 |   case "A":
      |   ^~~~
../src/TP1.c:38:3: error: case label does not reduce to an integer constant
   38 |   case "B":
      |   ^~~~
../src/TP1.c:52:2: error: case label does not reduce to an integer constant
   52 |  case "A":
      |  ^~~~
../src/TP1.c:55:2: error: case label does not reduce to an integer constant
   55 |  case "B":
      |  ^~~~
../src/TP1.c:58:2: error: case label does not reduce to an integer constant
   58 |  case "C":
      |  ^~~~
../src/TP1.c:61:2: error: case label does not reduce to an integer constant
   61 |  case "D":
      |  ^~~~
../src/TP1.c:66:2: error: case label does not reduce to an integer constant
   66 |  case "E":
      |  ^~~~
make: *** [src/subdir.mk:23: src/TP1.o] Error 1
"make all" terminated with exit code 2. Build might be incomplete.
15:45:48 **** Incremental Build of configuration Debug for project TP1 ****
make all 
Building file: ../src/TP1.c
Invoking: GCC C Compiler
gcc -O0 -g3 -Wall -c -fmessage-length=0 -MMD -MP -MF"src/TP1.d" -MT"src/TP1.o" -o "src/TP1.o" "../src/TP1.c"
Finished building: ../src/TP1.c
 
Building target: TP1
Invoking: GCC C Linker
gcc  -o "TP1" ./src/TP1.o ./src/utn.o   
Finished building target: TP1
 
15:45:55 **** Incremental Build of configuration Debug for project TP1 ****
make all 
make: No se hace nada para 'all'.
15:46:51 **** Incremental Build of configuration Debug for project TP1 ****
make all 
Building file: ../src/TP1.c
Invoking: GCC C Compiler
gcc -O0 -g3 -Wall -c -fmessage-length=0 -MMD -MP -MF"src/TP1.d" -MT"src/TP1.o" -o "src/TP1.o" "../src/TP1.c"
Finished building: ../src/TP1.c
 
Building target: TP1
Invoking: GCC C Linker
gcc  -o "TP1" ./src/TP1.o ./src/utn.o   
Finished building target: TP1
 
15:47:08 **** Incremental Build of configuration Debug for project TP1 ****
make all 
make: No se hace nada para 'all'.
16:05:26 **** Incremental Build of configuration Debug for project TP1 ****
make all 
Building file: ../src/TP1.c
Invoking: GCC C Compiler
gcc -O0 -g3 -Wall -c -fmessage-length=0 -MMD -MP -MF"src/TP1.d" -MT"src/TP1.o" -o "src/TP1.o" "../src/TP1.c"
Finished building: ../src/TP1.c
 
Building target: TP1
Invoking: GCC C Linker
gcc  -o "TP1" ./src/TP1.o ./src/utn.o   
Finished building target: TP1
 
16:05:31 **** Incremental Build of configuration Debug for project TP1 ****
make all 
make: No se hace nada para 'all'.
16:07:06 **** Incremental Build of configuration Debug for project TP1 ****
make all 
Building file: ../src/TP1.c
Invoking: GCC C Compiler
gcc -O0 -g3 -Wall -c -fmessage-length=0 -MMD -MP -MF"src/TP1.d" -MT"src/TP1.o" -o "src/TP1.o" "../src/TP1.c"
Finished building: ../src/TP1.c
 
Building target: TP1
Invoking: GCC C Linker
gcc  -o "TP1" ./src/TP1.o ./src/utn.o   
Finished building target: TP1
 
16:07:08 **** Incremental Build of configuration Debug for project TP1 ****
make all 
make: No se hace nada para 'all'.
16:11:01 **** Incremental Build of configuration Debug for project TP1 ****
make all 
Building file: ../src/TP1.c
Invoking: GCC C Compiler
gcc -O0 -g3 -Wall -c -fmessage-length=0 -MMD -MP -MF"src/TP1.d" -MT"src/TP1.o" -o "src/TP1.o" "../src/TP1.c"
Finished building: ../src/TP1.c
 
Building target: TP1
Invoking: GCC C Linker
gcc  -o "TP1" ./src/TP1.o ./src/utn.o   
Finished building target: TP1
 
16:11:03 **** Incremental Build of configuration Debug for project TP1 ****
make all 
make: No se hace nada para 'all'.
16:19:18 **** Incremental Build of configuration Debug for project TP1 ****
make all 
Building file: ../src/TP1.c
Invoking: GCC C Compiler
gcc -O0 -g3 -Wall -c -fmessage-length=0 -MMD -MP -MF"src/TP1.d" -MT"src/TP1.o" -o "src/TP1.o" "../src/TP1.c"
Finished building: ../src/TP1.c
 
Building target: TP1
Invoking: GCC C Linker
gcc  -o "TP1" ./src/TP1.o ./src/utn.o   
Finished building target: TP1
 
16:19:24 **** Incremental Build of configuration Debug for project TP1 ****
make all 
make: No se hace nada para 'all'.
16:20:10 **** Incremental Build of configuration Debug for project TP1 ****
make all 
Building file: ../src/TP1.c
Invoking: GCC C Compiler
gcc -O0 -g3 -Wall -c -fmessage-length=0 -MMD -MP -MF"src/TP1.d" -MT"src/TP1.o" -o "src/TP1.o" "../src/TP1.c"
Finished building: ../src/TP1.c
 
Building target: TP1
Invoking: GCC C Linker
gcc  -o "TP1" ./src/TP1.o ./src/utn.o   
Finished building target: TP1
 
16:20:16 **** Incremental Build of configuration Debug for project TP1 ****
make all 
make: No se hace nada para 'all'.
16:23:14 **** Incremental Build of configuration Debug for project TP1 ****
make all 
Building file: ../src/TP1.c
Invoking: GCC C Compiler
gcc -O0 -g3 -Wall -c -fmessage-length=0 -MMD -MP -MF"src/TP1.d" -MT"src/TP1.o" -o "src/TP1.o" "../src/TP1.c"
Finished building: ../src/TP1.c
 
Building target: TP1
Invoking: GCC C Linker
gcc  -o "TP1" ./src/TP1.o ./src/utn.o   
Finished building target: TP1
 
16:23:16 **** Incremental Build of configuration Debug for project TP1 ****
make all 
make: No se hace nada para 'all'.
16:24:11 **** Incremental Build of configuration Debug for project TP1 ****
make all 
Building file: ../src/TP1.c
Invoking: GCC C Compiler
gcc -O0 -g3 -Wall -c -fmessage-length=0 -MMD -MP -MF"src/TP1.d" -MT"src/TP1.o" -o "src/TP1.o" "../src/TP1.c"
Finished building: ../src/TP1.c
 
Building target: TP1
Invoking: GCC C Linker
gcc  -o "TP1" ./src/TP1.o ./src/utn.o   
Finished building target: TP1
 
16:24:13 **** Incremental Build of configuration Debug for project TP1 ****
make all 
make: No se hace nada para 'all'.
